<html>
<head>
<title>TestNG:  LoginFunctionality</title>
<link href="../testng.css" rel="stylesheet" type="text/css" />
<link href="../my-testng.css" rel="stylesheet" type="text/css" />

<style type="text/css">
.log { display: none;} 
.stack-trace { display: none;} 
</style>
<script type="text/javascript">
<!--
function flip(e) {
  current = e.style.display;
  if (current == 'block') {
    e.style.display = 'none';
    return 0;
  }
  else {
    e.style.display = 'block';
    return 1;
  }
}

function toggleBox(szDivId, elem, msg1, msg2)
{
  var res = -1;  if (document.getElementById) {
    res = flip(document.getElementById(szDivId));
  }
  else if (document.all) {
    // this is the way old msie versions work
    res = flip(document.all[szDivId]);
  }
  if(elem) {
    if(res == 0) elem.innerHTML = msg1; else elem.innerHTML = msg2;
  }

}

function toggleAllBoxes() {
  if (document.getElementsByTagName) {
    d = document.getElementsByTagName('div');
    for (i = 0; i < d.length; i++) {
      if (d[i].className == 'log') {
        flip(d[i]);
      }
    }
  }
}

// -->
</script>

</head>
<body>
<h2 align='center'>LoginFunctionality</h2><table border='1' align="center">
<tr>
<td>Tests passed/Failed/Skipped:</td><td>6/0/0</td>
</tr><tr>
<td>Started on:</td><td>Wed Feb 15 10:19:43 CST 2023</td>
</tr>
<tr><td>Total time:</td><td>7 seconds (7874 ms)</td>
</tr><tr>
<td>Included groups:</td><td></td>
</tr><tr>
<td>Excluded groups:</td><td></td>
</tr>
</table><p/>
<small><i>(Hover the method name to see the test class name)</i></small><p/>
<table width='100%' border='1' class='invocation-failed'>
<tr><td colspan='4' align='center'><b>FAILED CONFIGURATIONS</b></td></tr>
<tr><td><b>Test method</b></td>
<td><b>Attribute(s)</b></td>
<td width="30%"><b>Exception</b></td>
<td width="10%"><b>Time (seconds)</b></td>
<td><b>Instance</b></td>
</tr>
<tr>
<td title='tests.LoginPageTestFirefox.tearDown()'><b>tearDown</b><br>Test class: tests.LoginPageTestFirefox</td>
<td><div><pre>org.openqa.selenium.NoSuchSessionException: Tried to run command without establishing a connection
Build info: version: &apos;3.141.59&apos;, revision: &apos;e82be7d358&apos;, time: &apos;2018-11-14T08:17:03&apos;
System info: host: &apos;Rashmis-MacBook-Pro.local&apos;, ip: &apos;fe80:0:0:0:1c37:1185:e694:ace9%en0&apos;, os.name: &apos;Mac OS X&apos;, os.arch: &apos;x86_64&apos;, os.version: &apos;12.6.2&apos;, java.version: &apos;18.0.2&apos;
Driver info: org.openqa.selenium.firefox.FirefoxDriver
Capabilities {acceptInsecureCerts: true, browserName: firefox, browserVersion: 108.0.2, javascriptEnabled: true, moz:accessibilityChecks: false, moz:buildID: 20230104165113, moz:geckodriverVersion: 0.32.2, moz:headless: false, moz:platformVersion: 21.6.0, moz:processID: 1638, moz:profile: /var/folders/ts/b7w10v3x12j..., moz:shutdownTimeout: 60000, moz:useNonSpecCompliantPointerOrigin: false, moz:webdriverClick: true, moz:windowless: false, pageLoadStrategy: normal, platform: MAC, platformName: MAC, proxy: Proxy(), setWindowRect: true, strictFileInteractability: false, timeouts: {implicit: 0, pageLoad: 300000, script: 30000}, unhandledPromptBehavior: dismiss and notify}
Session ID: 0addd76c-e762-4df8-901b-8c94a9f28d00
	at org.openqa.selenium.remote.http.W3CHttpResponseCodec.createException(W3CHttpResponseCodec.java:187)
	at org.openqa.selenium.remote.http.W3CHttpResponseCodec.decode(W3CHttpResponseCodec.java:122)
	at org.openqa.selenium.remote.http.W3CHttpResponseCodec.decode(W3CHttpResponseCodec.java:49)
	at org.openqa.selenium.remote.HttpCommandExecutor.execute(HttpCommandExecutor.java:158)
	at org.openqa.selenium.remote.service.DriverCommandExecutor.execute(DriverCommandExecutor.java:83)
	at org.openqa.selenium.remote.RemoteWebDriver.execute(RemoteWebDriver.java:552)
	at org.openqa.selenium.remote.RemoteWebDriver.execute(RemoteWebDriver.java:609)
	at org.openqa.selenium.remote.RemoteWebDriver.quit(RemoteWebDriver.java:452)
	at managers.WebDriverManager.tearDown(WebDriverManager.java:64)
	at tests.LoginPageTestFirefox.tearDown(LoginPageTestFirefox.java:69)
... Removed 25 stack frames</pre></div><a href='#' onClick='toggleBox("stack-trace310623126", this, "Click to show all stack frames", "Click to hide stack frames")'>Click to show all stack frames</a>
<div class='stack-trace' id='stack-trace310623126'><pre>org.openqa.selenium.NoSuchSessionException: Tried to run command without establishing a connection
Build info: version: &apos;3.141.59&apos;, revision: &apos;e82be7d358&apos;, time: &apos;2018-11-14T08:17:03&apos;
System info: host: &apos;Rashmis-MacBook-Pro.local&apos;, ip: &apos;fe80:0:0:0:1c37:1185:e694:ace9%en0&apos;, os.name: &apos;Mac OS X&apos;, os.arch: &apos;x86_64&apos;, os.version: &apos;12.6.2&apos;, java.version: &apos;18.0.2&apos;
Driver info: org.openqa.selenium.firefox.FirefoxDriver
Capabilities {acceptInsecureCerts: true, browserName: firefox, browserVersion: 108.0.2, javascriptEnabled: true, moz:accessibilityChecks: false, moz:buildID: 20230104165113, moz:geckodriverVersion: 0.32.2, moz:headless: false, moz:platformVersion: 21.6.0, moz:processID: 1638, moz:profile: /var/folders/ts/b7w10v3x12j..., moz:shutdownTimeout: 60000, moz:useNonSpecCompliantPointerOrigin: false, moz:webdriverClick: true, moz:windowless: false, pageLoadStrategy: normal, platform: MAC, platformName: MAC, proxy: Proxy(), setWindowRect: true, strictFileInteractability: false, timeouts: {implicit: 0, pageLoad: 300000, script: 30000}, unhandledPromptBehavior: dismiss and notify}
Session ID: 0addd76c-e762-4df8-901b-8c94a9f28d00
	at java.base/jdk.internal.reflect.DirectConstructorHandleAccessor.newInstance(DirectConstructorHandleAccessor.java:67)
	at java.base/java.lang.reflect.Constructor.newInstanceWithCaller(Constructor.java:499)
	at java.base/java.lang.reflect.Constructor.newInstance(Constructor.java:483)
	at org.openqa.selenium.remote.http.W3CHttpResponseCodec.createException(W3CHttpResponseCodec.java:187)
	at org.openqa.selenium.remote.http.W3CHttpResponseCodec.decode(W3CHttpResponseCodec.java:122)
	at org.openqa.selenium.remote.http.W3CHttpResponseCodec.decode(W3CHttpResponseCodec.java:49)
	at org.openqa.selenium.remote.HttpCommandExecutor.execute(HttpCommandExecutor.java:158)
	at org.openqa.selenium.remote.service.DriverCommandExecutor.execute(DriverCommandExecutor.java:83)
	at org.openqa.selenium.remote.RemoteWebDriver.execute(RemoteWebDriver.java:552)
	at org.openqa.selenium.remote.RemoteWebDriver.execute(RemoteWebDriver.java:609)
	at org.openqa.selenium.remote.RemoteWebDriver.quit(RemoteWebDriver.java:452)
	at managers.WebDriverManager.tearDown(WebDriverManager.java:64)
	at tests.LoginPageTestFirefox.tearDown(LoginPageTestFirefox.java:69)
	at java.base/jdk.internal.reflect.DirectMethodHandleAccessor.invoke(DirectMethodHandleAccessor.java:104)
	at java.base/java.lang.reflect.Method.invoke(Method.java:577)
	at org.testng.internal.invokers.MethodInvocationHelper.invokeMethod(MethodInvocationHelper.java:139)
	at org.testng.internal.invokers.MethodInvocationHelper.invokeMethodConsideringTimeout(MethodInvocationHelper.java:69)
	at org.testng.internal.invokers.ConfigInvoker.invokeConfigurationMethod(ConfigInvoker.java:361)
	at org.testng.internal.invokers.ConfigInvoker.invokeConfigurations(ConfigInvoker.java:296)
	at org.testng.TestRunner.invokeTestConfigurations(TestRunner.java:644)
	at org.testng.TestRunner.afterRun(TestRunner.java:914)
	at org.testng.TestRunner.run(TestRunner.java:605)
	at org.testng.SuiteRunner.runTest(SuiteRunner.java:437)
	at org.testng.SuiteRunner.runSequentially(SuiteRunner.java:431)
	at org.testng.SuiteRunner.privateRun(SuiteRunner.java:391)
	at org.testng.SuiteRunner.run(SuiteRunner.java:330)
	at org.testng.SuiteRunnerWorker.runSuite(SuiteRunnerWorker.java:52)
	at org.testng.SuiteRunnerWorker.run(SuiteRunnerWorker.java:95)
	at org.testng.TestNG.runSuitesSequentially(TestNG.java:1256)
	at org.testng.TestNG.runSuitesLocally(TestNG.java:1176)
	at org.testng.TestNG.runSuites(TestNG.java:1099)
	at org.testng.TestNG.run(TestNG.java:1067)
	at org.testng.remote.AbstractRemoteTestNG.run(AbstractRemoteTestNG.java:115)
	at org.testng.remote.RemoteTestNG.initAndRun(RemoteTestNG.java:251)
	at org.testng.remote.RemoteTestNG.main(RemoteTestNG.java:77)
</pre></div></td>
<td>0</td>
<td>tests.LoginPageTestFirefox@7adda9cc</td></tr>
</table><p>
<table width='100%' border='1' class='invocation-passed'>
<tr><td colspan='4' align='center'><b>PASSED TESTS</b></td></tr>
<tr><td><b>Test method</b></td>
<td><b>Attribute(s)</b></td>
<td width="30%"><b>Exception</b></td>
<td width="10%"><b>Time (seconds)</b></td>
<td><b>Instance</b></td>
</tr>
<tr>
<td title='tests.LoginPageTestFirefox.launchLandingPage()'><b>launchLandingPage</b><br>Test class: tests.LoginPageTestFirefox<br/>
<a href="#Output-1902785771" onClick='toggleBox("Output-1902785771", this, "Show output", "Hide output");'>Show output</a>

<a href="#Output-1902785771" onClick="toggleAllBoxes();">Show all outputs</a>
<div class='log' id="Output-1902785771">
Launching Login Page In Firefox...<br/>
Finished Launching...<br/>
</div>
</td>
<td></td>
<td>1</td>
<td>tests.LoginPageTestFirefox@7adda9cc</td></tr>
<tr>
<td title='tests.LoginPageTestChrome.testLoginPage()'><b>testLoginPage</b><br>Test class: tests.LoginPageTestChrome<br/>
<a href="#Output-197221173" onClick='toggleBox("Output-197221173", this, "Show output", "Hide output");'>Show output</a>

<a href="#Output-197221173" onClick="toggleAllBoxes();">Show all outputs</a>
<div class='log' id="Output-197221173">
Testing Login Page<br/>
Passing value read from excel sheet.<br/>
Passing value read from excel sheet.<br/>
Click login button.<br/>
Login button click completed.<br/>
</div>
</td>
<td></td>
<td>0</td>
<td>tests.LoginPageTestChrome@794cb805</td></tr>
<tr>
<td title='tests.LoginPageTestFirefox.setUpFirefox()'><b>setUpFirefox</b><br>Test class: tests.LoginPageTestFirefox</td>
<td></td>
<td>4</td>
<td>tests.LoginPageTestFirefox@7adda9cc</td></tr>
<tr>
<td title='tests.LoginPageTestChrome.setUpChrome()'><b>setUpChrome</b><br>Test class: tests.LoginPageTestChrome</td>
<td></td>
<td>2</td>
<td>tests.LoginPageTestChrome@794cb805</td></tr>
<tr>
<td title='tests.LoginPageTestChrome.launchLandingPage()'><b>launchLandingPage</b><br>Test class: tests.LoginPageTestChrome<br/>
<a href="#Output-2095247532" onClick='toggleBox("Output-2095247532", this, "Show output", "Hide output");'>Show output</a>

<a href="#Output-2095247532" onClick="toggleAllBoxes();">Show all outputs</a>
<div class='log' id="Output-2095247532">
Finished Launching...<br/>
</div>
</td>
<td></td>
<td>0</td>
<td>tests.LoginPageTestChrome@794cb805</td></tr>
<tr>
<td title='tests.LoginPageTestFirefox.testLoginPage()'><b>testLoginPage</b><br>Test class: tests.LoginPageTestFirefox<br/>
<a href="#Output-1044205762" onClick='toggleBox("Output-1044205762", this, "Show output", "Hide output");'>Show output</a>

<a href="#Output-1044205762" onClick="toggleAllBoxes();">Show all outputs</a>
<div class='log' id="Output-1044205762">
Testing Login Page<br/>
Passing value read from json.<br/>
Passing value read from json.<br/>
Click login button.<br/>
Login button click completed.<br/>
</div>
</td>
<td></td>
<td>0</td>
<td>tests.LoginPageTestFirefox@7adda9cc</td></tr>
</table><p>
</body>
</html>